<?xml version="1.0" encoding="UTF-8"?>
<coverage generated="1627139366846" clover="3.2.0">
  <project timestamp="1627139366846" name="All files">
    <metrics statements="25" coveredstatements="21" conditionals="6" coveredconditionals="6" methods="5" coveredmethods="3" elements="36" coveredelements="30" complexity="0" loc="25" ncloc="25" packages="3" files="3" classes="3"/>
    <package name="models">
      <metrics statements="6" coveredstatements="2" conditionals="0" coveredconditionals="0" methods="2" coveredmethods="0"/>
      <file name="user.js" path="/Users/tkppp/OneDrive/WorkSpace/VSCode/Node/chap9_nodebird/models/user.js">
        <metrics statements="6" coveredstatements="2" conditionals="0" coveredconditionals="0" methods="2" coveredmethods="0"/>
        <line num="1" count="1" type="stmt"/>
        <line num="3" count="1" type="stmt"/>
        <line num="5" count="0" type="stmt"/>
        <line num="40" count="0" type="stmt"/>
        <line num="41" count="0" type="stmt"/>
        <line num="46" count="0" type="stmt"/>
      </file>
    </package>
    <package name="routes">
      <metrics statements="9" coveredstatements="9" conditionals="4" coveredconditionals="4" methods="2" coveredmethods="2"/>
      <file name="middlewares.js" path="/Users/tkppp/OneDrive/WorkSpace/VSCode/Node/chap9_nodebird/routes/middlewares.js">
        <metrics statements="9" coveredstatements="9" conditionals="4" coveredconditionals="4" methods="2" coveredmethods="2"/>
        <line num="1" count="1" type="stmt"/>
        <line num="2" count="2" type="cond" truecount="2" falsecount="0"/>
        <line num="3" count="1" type="stmt"/>
        <line num="5" count="1" type="stmt"/>
        <line num="9" count="1" type="stmt"/>
        <line num="10" count="2" type="cond" truecount="2" falsecount="0"/>
        <line num="11" count="1" type="stmt"/>
        <line num="13" count="1" type="stmt"/>
        <line num="14" count="1" type="stmt"/>
      </file>
    </package>
    <package name="routes.controllers">
      <metrics statements="10" coveredstatements="10" conditionals="2" coveredconditionals="2" methods="1" coveredmethods="1"/>
      <file name="user.js" path="/Users/tkppp/OneDrive/WorkSpace/VSCode/Node/chap9_nodebird/routes/controllers/user.js">
        <metrics statements="10" coveredstatements="10" conditionals="2" coveredconditionals="2" methods="1" coveredmethods="1"/>
        <line num="1" count="1" type="stmt"/>
        <line num="3" count="1" type="stmt"/>
        <line num="4" count="3" type="stmt"/>
        <line num="5" count="3" type="stmt"/>
        <line num="6" count="2" type="cond" truecount="2" falsecount="0"/>
        <line num="7" count="1" type="stmt"/>
        <line num="8" count="1" type="stmt"/>
        <line num="10" count="1" type="stmt"/>
        <line num="13" count="1" type="stmt"/>
        <line num="14" count="1" type="stmt"/>
      </file>
    </package>
  </project>
</coverage>
